2022:01:19 16:45:46.608 WARN  --- [restartedMain] com.rubypaper.LoggingRunner : WARN ë¡œê·¸ ë©”ì‹œì§€ 
2022:01:19 16:45:46.614 ERROR --- [restartedMain] com.rubypaper.LoggingRunner : ERROR ë¡œê·¸ ë©”ì‹œì§€ 
2022:01:19 16:46:43.536 WARN  --- [restartedMain] com.rubypaper.LoggingRunner : WARN ë¡œê·¸ ë©”ì‹œì§€ 
2022:01:19 16:46:43.539 ERROR --- [restartedMain] com.rubypaper.LoggingRunner : ERROR ë¡œê·¸ ë©”ì‹œì§€ 
2022:01:19 16:48:27.925 WARN  --- [restartedMain] com.rubypaper.LoggingRunner : WARN ë¡œê·¸ ë©”ì‹œì§€ 
2022:01:19 16:48:27.928 ERROR --- [restartedMain] com.rubypaper.LoggingRunner : ERROR ë¡œê·¸ ë©”ì‹œì§€ 
2022:01:19 16:51:14.174 WARN  --- [restartedMain] com.rubypaper.LoggingRunner : WARN ë¡œê·¸ ë©”ì‹œì§€ 
2022:01:19 16:51:14.175 ERROR --- [restartedMain] com.rubypaper.LoggingRunner : ERROR ë¡œê·¸ ë©”ì‹œì§€ 
2022:01:19 16:51:16.368 WARN  --- [restartedMain] com.rubypaper.LoggingRunner : WARN ë¡œê·¸ ë©”ì‹œì§€ 
2022:01:19 16:51:16.368 ERROR --- [restartedMain] com.rubypaper.LoggingRunner : ERROR ë¡œê·¸ ë©”ì‹œì§€ 
2022:01:19 16:52:33.730 WARN  --- [main] com.rubypaper.LoggingRunner : WARN ë¡œê·¸ ë©”ì‹œì§€ 
2022:01:19 16:52:33.735 ERROR --- [main] com.rubypaper.LoggingRunner : ERROR ë¡œê·¸ ë©”ì‹œì§€ 
2022:01:19 16:53:55.711 WARN  --- [restartedMain] com.rubypaper.LoggingRunner : WARN ë¡œê·¸ ë©”ì‹œì§€ 
2022:01:19 16:53:55.716 ERROR --- [restartedMain] com.rubypaper.LoggingRunner : ERROR ë¡œê·¸ ë©”ì‹œì§€ 
2022:01:19 16:54:27.601 WARN  --- [restartedMain] com.rubypaper.LoggingRunner : WARN ë¡œê·¸ ë©”ì‹œì§€ 
2022:01:19 16:54:27.602 ERROR --- [restartedMain] com.rubypaper.LoggingRunner : ERROR ë¡œê·¸ ë©”ì‹œì§€ 
2022:01:19 16:54:29.768 WARN  --- [restartedMain] com.rubypaper.LoggingRunner : WARN ë¡œê·¸ ë©”ì‹œì§€ 
2022:01:19 16:54:29.769 ERROR --- [restartedMain] com.rubypaper.LoggingRunner : ERROR ë¡œê·¸ ë©”ì‹œì§€ 
2022:01:19 16:54:32.023 WARN  --- [restartedMain] com.rubypaper.LoggingRunner : WARN ë¡œê·¸ ë©”ì‹œì§€ 
2022:01:19 16:54:32.024 ERROR --- [restartedMain] com.rubypaper.LoggingRunner : ERROR ë¡œê·¸ ë©”ì‹œì§€ 
2022:01:19 16:54:45.976 WARN  --- [restartedMain] com.rubypaper.LoggingRunner : WARN ë¡œê·¸ ë©”ì‹œì§€ 
2022:01:19 16:54:45.980 ERROR --- [restartedMain] com.rubypaper.LoggingRunner : ERROR ë¡œê·¸ ë©”ì‹œì§€ 
2022:01:19 17:12:38.275 WARN  --- [main] com.rubypaper.LoggingRunner : WARN ë¡œê·¸ ë©”ì‹œì§€ 
2022:01:19 17:12:38.280 ERROR --- [main] com.rubypaper.LoggingRunner : ERROR ë¡œê·¸ ë©”ì‹œì§€ 
2022:01:19 17:13:01.665 WARN  --- [restartedMain] com.rubypaper.LoggingRunner : WARN ë¡œê·¸ ë©”ì‹œì§€ 
2022:01:19 17:13:01.668 ERROR --- [restartedMain] com.rubypaper.LoggingRunner : ERROR ë¡œê·¸ ë©”ì‹œì§€ 
2022:01:19 17:23:12.223 WARN  --- [restartedMain] com.rubypaper.LoggingRunner : WARN ë¡œê·¸ ë©”ì‹œì§€ 
2022:01:19 17:23:12.225 ERROR --- [restartedMain] com.rubypaper.LoggingRunner : ERROR ë¡œê·¸ ë©”ì‹œì§€ 
2022:01:19 17:32:56.306 WARN  --- [restartedMain] com.rubypaper.LoggingRunner : WARN ë¡œê·¸ ë©”ì‹œì§€ 
2022:01:19 17:32:56.307 ERROR --- [restartedMain] com.rubypaper.LoggingRunner : ERROR ë¡œê·¸ ë©”ì‹œì§€ 
2022:01:19 17:34:31.151 WARN  --- [main] com.rubypaper.LoggingRunner : WARN ·Î±× ¸Þ½ÃÁö 
2022:01:19 17:34:31.155 ERROR --- [main] com.rubypaper.LoggingRunner : ERROR ·Î±× ¸Þ½ÃÁö 
2022:01:19 17:34:32.125 WARN  --- [main] com.rubypaper.LoggingRunner : WARN ·Î±× ¸Þ½ÃÁö 
2022:01:19 17:34:32.125 ERROR --- [main] com.rubypaper.LoggingRunner : ERROR ·Î±× ¸Þ½ÃÁö 
